<?xml version="1.0" encoding="UTF-8"?>
<!-- Generated by org.testng.reporters.JUnitReportReporter -->
<testsuite hostname="DESKTOP-D921UPH" failures="0" tests="4" name="com.sri.demo.com.sri.demo.LearnApi" time="5.603" errors="0" timestamp="2025-12-20T12:04:18 IST" skipped="0">
  <testcase classname="com.sri.demo.com.sri.demo.LearnApi" name="putApi" time="0.934"/>
  <testcase classname="com.sri.demo.com.sri.demo.LearnApi" name="getApi" time="3.543"/>
  <testcase classname="com.sri.demo.com.sri.demo.LearnApi" name="postAPI" time="0.553"/>
  <testcase classname="com.sri.demo.com.sri.demo.LearnApi" name="delApi" time="0.573"/>
</testsuite> <!-- com.sri.demo.com.sri.demo.LearnApi -->
