<?xml version="1.0" encoding="UTF-8"?>
<!-- Generated by org.testng.reporters.JUnitReportReporter -->
<testsuite hostname="DESKTOP-D921UPH" failures="0" tests="2" name="com.sri.demo.com.sri.demo.NewTest" time="5.791" errors="0" timestamp="2025-12-17T10:55:34 IST" skipped="0">
  <testcase classname="com.sri.demo.com.sri.demo.NewTest" name="login" time="0.407"/>
  <testcase classname="com.sri.demo.com.sri.demo.NewTest" name="HomePageTitle" time="5.384"/>
</testsuite> <!-- com.sri.demo.com.sri.demo.NewTest -->
