<?xml version="1.0" encoding="UTF-8"?>
<!-- Generated by org.testng.reporters.JUnitReportReporter -->
<testsuite hostname="DESKTOP-D921UPH" failures="0" tests="4" name="com.sri.demo.com.sri.demo.LearnApi" time="5.458" errors="0" timestamp="2025-12-20T13:34:57 IST" skipped="0">
  <testcase classname="com.sri.demo.com.sri.demo.LearnApi" name="putApi" time="0.913"/>
  <testcase classname="com.sri.demo.com.sri.demo.LearnApi" name="getApi" time="3.446"/>
  <testcase classname="com.sri.demo.com.sri.demo.LearnApi" name="postAPI" time="0.564"/>
  <testcase classname="com.sri.demo.com.sri.demo.LearnApi" name="delApi" time="0.535"/>
</testsuite> <!-- com.sri.demo.com.sri.demo.LearnApi -->
