<?xml version="1.0" encoding="UTF-8"?>
<!-- Generated by org.testng.reporters.JUnitReportReporter -->
<testsuite hostname="DESKTOP-D921UPH" failures="0" tests="4" name="runnerPackage.TestRunner" time="6.732" errors="0" timestamp="2025-12-20T13:53:51 IST" skipped="0">
  <testcase classname="runnerPackage.TestRunner" name="runScenario" time="2.204"/>
  <testcase classname="runnerPackage.TestRunner" name="runScenario" time="3.227"/>
  <testcase classname="runnerPackage.TestRunner" name="runScenario" time="0.752"/>
  <testcase classname="runnerPackage.TestRunner" name="runScenario" time="0.549"/>
</testsuite> <!-- runnerPackage.TestRunner -->
