<?xml version="1.0" encoding="UTF-8"?>
<!-- Generated by org.testng.reporters.JUnitReportReporter -->
<testsuite hostname="DESKTOP-D921UPH" failures="0" tests="2" name="com.sri.demo.com.sri.demo.NewTest" time="6.989" errors="0" timestamp="2025-12-18T10:45:15 IST" skipped="0">
  <testcase classname="com.sri.demo.com.sri.demo.NewTest" name="login" time="0.413"/>
  <testcase classname="com.sri.demo.com.sri.demo.NewTest" name="HomePageTitle" time="6.576"/>
</testsuite> <!-- com.sri.demo.com.sri.demo.NewTest -->
