<?xml version="1.0" encoding="UTF-8"?>
<!-- Generated by org.testng.reporters.JUnitReportReporter -->
<testsuite hostname="DESKTOP-D921UPH" failures="0" tests="5" name="runnerPackage.TestRunner" time="25.677" errors="0" timestamp="2025-12-22T00:57:45 IST" skipped="0">
  <testcase classname="runnerPackage.TestRunner" name="runScenario" time="5.740"/>
  <testcase classname="runnerPackage.TestRunner" name="runScenario" time="5.650"/>
  <testcase classname="runnerPackage.TestRunner" name="runScenario" time="6.751"/>
  <testcase classname="runnerPackage.TestRunner" name="runScenario" time="3.773"/>
  <testcase classname="runnerPackage.TestRunner" name="runScenario" time="3.763"/>
</testsuite> <!-- runnerPackage.TestRunner -->
