<?xml version="1.0" encoding="UTF-8"?>
<!-- Generated by org.testng.reporters.JUnitReportReporter -->
<testsuite hostname="DESKTOP-D921UPH" failures="0" tests="4" name="draftPackage.LearnApi" time="5.675" errors="0" timestamp="2025-12-22T13:22:35 IST" skipped="0">
  <testcase classname="draftPackage.LearnApi" name="getApi" time="3.620"/>
  <testcase classname="draftPackage.LearnApi" name="putApi" time="0.956"/>
  <testcase classname="draftPackage.LearnApi" name="postAPI" time="0.576"/>
  <testcase classname="draftPackage.LearnApi" name="delApi" time="0.523"/>
</testsuite> <!-- draftPackage.LearnApi -->
