<?xml version="1.0" encoding="UTF-8"?>
<testng-results ignored="0" total="2" passed="2" failed="0" skipped="0">
  <reporter-output>
  </reporter-output>
  <suite started-at="2025-12-17T10:55:21 IST" name="Default suite" finished-at="2025-12-17T10:55:34 IST" duration-ms="13375">
    <groups>
    </groups>
    <test started-at="2025-12-17T10:55:21 IST" name="Default test" finished-at="2025-12-17T10:55:34 IST" duration-ms="13375">
      <class name="com.sri.demo.com.sri.demo.NewTest">
        <test-method is-config="true" signature="beforeMethod()[pri:0, instance:com.sri.demo.com.sri.demo.NewTest@4116aac9]" started-at="2025-12-17T10:55:21 IST" name="beforeMethod" finished-at="2025-12-17T10:55:28 IST" duration-ms="7506" status="PASS">
          <reporter-output>
          </reporter-output>
        </test-method> <!-- beforeMethod -->
        <test-method signature="login()[pri:0, instance:com.sri.demo.com.sri.demo.NewTest@4116aac9]" started-at="2025-12-17T10:55:28 IST" name="login" finished-at="2025-12-17T10:55:29 IST" duration-ms="407" status="PASS">
          <reporter-output>
          </reporter-output>
        </test-method> <!-- login -->
        <test-method signature="HomePageTitle()[pri:0, instance:com.sri.demo.com.sri.demo.NewTest@4116aac9]" started-at="2025-12-17T10:55:29 IST" name="HomePageTitle" finished-at="2025-12-17T10:55:34 IST" depends-on-methods="com.sri.demo.com.sri.demo.NewTest.login" duration-ms="5384" status="PASS">
          <reporter-output>
          </reporter-output>
        </test-method> <!-- HomePageTitle -->
        <test-method is-config="true" signature="afterMethod()[pri:0, instance:com.sri.demo.com.sri.demo.NewTest@4116aac9]" started-at="2025-12-17T10:55:34 IST" name="afterMethod" finished-at="2025-12-17T10:55:34 IST" duration-ms="1" status="PASS">
          <reporter-output>
          </reporter-output>
        </test-method> <!-- afterMethod -->
      </class> <!-- com.sri.demo.com.sri.demo.NewTest -->
    </test> <!-- Default test -->
  </suite> <!-- Default suite -->
</testng-results>
