<?xml version="1.0" encoding="UTF-8"?>
<testng-results ignored="0" total="4" passed="4" failed="0" skipped="0">
  <reporter-output>
  </reporter-output>
  <suite started-at="2025-12-20T13:53:41 IST" name="Default suite" finished-at="2025-12-20T13:53:51 IST" duration-ms="9690">
    <groups>
      <group name="cucumber">
        <method signature="AbstractTestNGCucumberTests.runScenario(io.cucumber.testng.PickleWrapper,io.cucumber.testng.FeatureWrapper)[pri:0, instance:runnerPackage.TestRunner@445b295b]" name="runScenario" class="io.cucumber.testng.AbstractTestNGCucumberTests"/>
      </group> <!-- cucumber -->
    </groups>
    <test started-at="2025-12-20T13:53:41 IST" name="Default test" finished-at="2025-12-20T13:53:51 IST" duration-ms="9690">
      <class name="runnerPackage.TestRunner">
        <test-method is-config="true" signature="setUpClass(org.testng.ITestContext)[pri:0, instance:runnerPackage.TestRunner@445b295b]" started-at="2025-12-20T13:53:41 IST" name="setUpClass" finished-at="2025-12-20T13:53:42 IST" duration-ms="977" status="PASS">
          <params>
            <param index="0">
              <value>
                <![CDATA[org.testng.TestRunner@53e4a19e]]>
              </value>
            </param>
          </params>
          <reporter-output>
          </reporter-output>
        </test-method> <!-- setUpClass -->
        <test-method signature="runScenario(io.cucumber.testng.PickleWrapper,io.cucumber.testng.FeatureWrapper)[pri:0, instance:runnerPackage.TestRunner@445b295b]" started-at="2025-12-20T13:53:42 IST" name="runScenario" description="Runs Cucumber Scenarios" data-provider="scenarios" finished-at="2025-12-20T13:53:46 IST" duration-ms="3227" status="PASS">
          <params>
            <param index="0">
              <value>
                <![CDATA["Del Activities details"]]>
              </value>
            </param>
            <param index="1">
              <value>
                <![CDATA["Del for Activities Details"]]>
              </value>
            </param>
          </params>
          <reporter-output>
          </reporter-output>
        </test-method> <!-- runScenario -->
        <test-method signature="runScenario(io.cucumber.testng.PickleWrapper,io.cucumber.testng.FeatureWrapper)[pri:0, instance:runnerPackage.TestRunner@445b295b]" started-at="2025-12-20T13:53:46 IST" name="runScenario" description="Runs Cucumber Scenarios" data-provider="scenarios" finished-at="2025-12-20T13:53:48 IST" duration-ms="2204" status="PASS">
          <params>
            <param index="0">
              <value>
                <![CDATA["Get Activities details"]]>
              </value>
            </param>
            <param index="1">
              <value>
                <![CDATA["Check for Activities Details"]]>
              </value>
            </param>
          </params>
          <reporter-output>
          </reporter-output>
        </test-method> <!-- runScenario -->
        <test-method signature="runScenario(io.cucumber.testng.PickleWrapper,io.cucumber.testng.FeatureWrapper)[pri:0, instance:runnerPackage.TestRunner@445b295b]" started-at="2025-12-20T13:53:48 IST" name="runScenario" description="Runs Cucumber Scenarios" data-provider="scenarios" finished-at="2025-12-20T13:53:49 IST" duration-ms="752" status="PASS">
          <params>
            <param index="0">
              <value>
                <![CDATA["Post Activities details"]]>
              </value>
            </param>
            <param index="1">
              <value>
                <![CDATA["Post for Activities Details"]]>
              </value>
            </param>
          </params>
          <reporter-output>
          </reporter-output>
        </test-method> <!-- runScenario -->
        <test-method signature="runScenario(io.cucumber.testng.PickleWrapper,io.cucumber.testng.FeatureWrapper)[pri:0, instance:runnerPackage.TestRunner@445b295b]" started-at="2025-12-20T13:53:49 IST" name="runScenario" description="Runs Cucumber Scenarios" data-provider="scenarios" finished-at="2025-12-20T13:53:49 IST" duration-ms="549" status="PASS">
          <params>
            <param index="0">
              <value>
                <![CDATA["Put Activities details"]]>
              </value>
            </param>
            <param index="1">
              <value>
                <![CDATA["Put for Activities Details"]]>
              </value>
            </param>
          </params>
          <reporter-output>
          </reporter-output>
        </test-method> <!-- runScenario -->
        <test-method is-config="true" signature="tearDownClass()[pri:0, instance:runnerPackage.TestRunner@445b295b]" started-at="2025-12-20T13:53:49 IST" name="tearDownClass" finished-at="2025-12-20T13:53:51 IST" duration-ms="1902" status="PASS">
          <reporter-output>
          </reporter-output>
        </test-method> <!-- tearDownClass -->
      </class> <!-- runnerPackage.TestRunner -->
    </test> <!-- Default test -->
  </suite> <!-- Default suite -->
</testng-results>
